2016-01-29 20:04:36,110 [Worker-13] INFO  o.e.m.c.i.l.LifecycleMappingFactory - Using org.eclipse.m2e.jdt.JarLifecycleMapping lifecycle mapping for MavenProject: com.apps:community:0.0.1-SNAPSHOT @ /Users/ganesh/Documents/self_proj/fratapp/community/pom.xml.
2016-01-29 20:04:42,651 [Worker-13] INFO  o.e.m.j.i.AbstractJavaProjectConfigurator - Adding source folder /community/src/main/java
2016-01-29 20:04:42,652 [Worker-13] INFO  o.e.m.j.i.AbstractJavaProjectConfigurator - Adding resource folder /community/src/main/resources
2016-01-29 20:04:42,678 [Worker-13] INFO  o.e.m.j.i.AbstractJavaProjectConfigurator - Adding source folder /community/src/test/java
2016-01-29 20:04:42,678 [Worker-13] INFO  o.e.m.j.i.AbstractJavaProjectConfigurator - Adding resource folder /community/src/test/resources
2016-01-29 20:04:43,781 [Worker-13] INFO  o.e.m.c.i.p.ProjectConfigurationManager - Imported and configured 1 project(s) in 21 sec
2016-01-29 20:04:53,231 [Worker-15] INFO  o.e.m.c.i.embedder.EclipseLogger - Using 'UTF-8' encoding to copy filtered resources.
2016-01-29 20:04:53,257 [Worker-15] INFO  o.e.m.c.i.embedder.EclipseLogger - Copying 1 resource
2016-01-29 20:04:53,371 [Worker-15] INFO  o.e.m.c.i.embedder.EclipseLogger - Using 'UTF-8' encoding to copy filtered resources.
2016-01-29 20:04:53,372 [Worker-15] INFO  o.e.m.c.i.embedder.EclipseLogger - Copying 0 resource
2016-01-29 20:05:16,550 [Worker-16] INFO  o.e.m.c.i.embedder.EclipseLogger - Using 'UTF-8' encoding to copy filtered resources.
2016-01-29 20:05:16,563 [Worker-16] INFO  o.e.m.c.i.embedder.EclipseLogger - Copying 0 resource
2016-01-29 20:05:16,570 [Worker-16] INFO  o.e.m.c.i.embedder.EclipseLogger - Using 'UTF-8' encoding to copy filtered resources.
2016-01-29 20:05:16,570 [Worker-16] INFO  o.e.m.c.i.embedder.EclipseLogger - Copying 0 resource
2016-01-29 20:08:19,793 [main] INFO  o.e.m2e.actions.ExecutePomAction - Creating new launch configuration
2016-01-29 20:08:27,173 [Worker-6] INFO  o.e.m.i.launch.MavenLaunchDelegate - /Users/ganesh/Documents/self_proj/fratapp/community
2016-01-29 20:08:27,173 [Worker-6] INFO  o.e.m.i.launch.MavenLaunchDelegate -  mvn  -B package
2016-01-29 20:08:33,211 [main] INFO  c.g.t.t.d.PublishedGradleVersions - Gradle version information cache file is out-of-date. Remote download required.
2016-02-06 13:06:34,505 [Worker-8] INFO  o.e.m.c.i.e.AbstractTransferListenerAdapter - Downloading https://repo.maven.apache.org/maven2/io/dropwizard/dropwizard-testing/0.9.2/dropwizard-testing-0.9.2.pom
2016-02-06 13:06:34,528 [Worker-8] INFO  o.e.m.c.i.e.AbstractTransferListenerAdapter - Downloaded https://repo.maven.apache.org/maven2/io/dropwizard/dropwizard-testing/0.9.2/dropwizard-testing-0.9.2.pom
2016-02-06 13:06:34,554 [Worker-8] INFO  o.e.m.c.i.e.AbstractTransferListenerAdapter - Downloading https://repo.maven.apache.org/maven2/junit/junit/4.12/junit-4.12.pom
2016-02-06 13:06:34,602 [Worker-8] INFO  o.e.m.c.i.e.AbstractTransferListenerAdapter - Downloaded https://repo.maven.apache.org/maven2/junit/junit/4.12/junit-4.12.pom
2016-02-06 13:06:34,626 [Worker-8] INFO  o.e.m.c.i.e.AbstractTransferListenerAdapter - Downloading https://repo.maven.apache.org/maven2/org/hamcrest/hamcrest-core/1.3/hamcrest-core-1.3.pom
2016-02-06 13:06:34,644 [Worker-8] INFO  o.e.m.c.i.e.AbstractTransferListenerAdapter - Downloaded https://repo.maven.apache.org/maven2/org/hamcrest/hamcrest-core/1.3/hamcrest-core-1.3.pom
2016-02-06 13:06:34,662 [Worker-8] INFO  o.e.m.c.i.e.AbstractTransferListenerAdapter - Downloading https://repo.maven.apache.org/maven2/org/hamcrest/hamcrest-parent/1.3/hamcrest-parent-1.3.pom
2016-02-06 13:06:34,681 [Worker-8] INFO  o.e.m.c.i.e.AbstractTransferListenerAdapter - Downloaded https://repo.maven.apache.org/maven2/org/hamcrest/hamcrest-parent/1.3/hamcrest-parent-1.3.pom
2016-02-06 13:06:34,700 [Worker-8] INFO  o.e.m.c.i.e.AbstractTransferListenerAdapter - Downloading https://repo.maven.apache.org/maven2/org/mockito/mockito-core/1.10.19/mockito-core-1.10.19.pom
2016-02-06 13:06:34,721 [Worker-8] INFO  o.e.m.c.i.e.AbstractTransferListenerAdapter - Downloaded https://repo.maven.apache.org/maven2/org/mockito/mockito-core/1.10.19/mockito-core-1.10.19.pom
2016-02-06 13:06:34,742 [Worker-8] INFO  o.e.m.c.i.e.AbstractTransferListenerAdapter - Downloading https://repo.maven.apache.org/maven2/org/objenesis/objenesis/2.2/objenesis-2.2.pom
2016-02-06 13:06:34,778 [Worker-8] INFO  o.e.m.c.i.e.AbstractTransferListenerAdapter - Downloaded https://repo.maven.apache.org/maven2/org/objenesis/objenesis/2.2/objenesis-2.2.pom
2016-02-06 13:06:34,796 [Worker-8] INFO  o.e.m.c.i.e.AbstractTransferListenerAdapter - Downloading https://repo.maven.apache.org/maven2/org/objenesis/objenesis-parent/2.2/objenesis-parent-2.2.pom
2016-02-06 13:06:34,821 [Worker-8] INFO  o.e.m.c.i.e.AbstractTransferListenerAdapter - Downloaded https://repo.maven.apache.org/maven2/org/objenesis/objenesis-parent/2.2/objenesis-parent-2.2.pom
2016-02-06 13:06:34,843 [Worker-8] INFO  o.e.m.c.i.e.AbstractTransferListenerAdapter - Downloading https://repo.maven.apache.org/maven2/org/assertj/assertj-core/2.2.0/assertj-core-2.2.0.pom
2016-02-06 13:06:34,862 [Worker-8] INFO  o.e.m.c.i.e.AbstractTransferListenerAdapter - Downloaded https://repo.maven.apache.org/maven2/org/assertj/assertj-core/2.2.0/assertj-core-2.2.0.pom
2016-02-06 13:06:34,885 [Worker-8] INFO  o.e.m.c.i.e.AbstractTransferListenerAdapter - Downloading https://repo.maven.apache.org/maven2/org/assertj/assertj-parent-pom/1.3.6/assertj-parent-pom-1.3.6.pom
2016-02-06 13:06:34,905 [Worker-8] INFO  o.e.m.c.i.e.AbstractTransferListenerAdapter - Downloaded https://repo.maven.apache.org/maven2/org/assertj/assertj-parent-pom/1.3.6/assertj-parent-pom-1.3.6.pom
2016-02-06 13:06:34,923 [Worker-8] INFO  o.e.m.c.i.e.AbstractTransferListenerAdapter - Downloading https://repo.maven.apache.org/maven2/org/sonatype/oss/oss-parent/9/oss-parent-9.pom
2016-02-06 13:06:34,960 [Worker-8] INFO  o.e.m.c.i.e.AbstractTransferListenerAdapter - Downloaded https://repo.maven.apache.org/maven2/org/sonatype/oss/oss-parent/9/oss-parent-9.pom
2016-02-06 13:06:34,984 [Worker-8] INFO  o.e.m.c.i.e.AbstractTransferListenerAdapter - Downloading https://repo.maven.apache.org/maven2/org/glassfish/jersey/test-framework/providers/jersey-test-framework-provider-inmemory/2.22.1/jersey-test-framework-provider-inmemory-2.22.1.pom
2016-02-06 13:06:35,006 [Worker-8] INFO  o.e.m.c.i.e.AbstractTransferListenerAdapter - Downloaded https://repo.maven.apache.org/maven2/org/glassfish/jersey/test-framework/providers/jersey-test-framework-provider-inmemory/2.22.1/jersey-test-framework-provider-inmemory-2.22.1.pom
2016-02-06 13:06:35,035 [Worker-8] INFO  o.e.m.c.i.e.AbstractTransferListenerAdapter - Downloading https://repo.maven.apache.org/maven2/org/glassfish/jersey/test-framework/providers/project/2.22.1/project-2.22.1.pom
2016-02-06 13:06:35,058 [Worker-8] INFO  o.e.m.c.i.e.AbstractTransferListenerAdapter - Downloaded https://repo.maven.apache.org/maven2/org/glassfish/jersey/test-framework/providers/project/2.22.1/project-2.22.1.pom
2016-02-06 13:06:35,077 [Worker-8] INFO  o.e.m.c.i.e.AbstractTransferListenerAdapter - Downloading https://repo.maven.apache.org/maven2/org/glassfish/jersey/test-framework/project/2.22.1/project-2.22.1.pom
2016-02-06 13:06:35,100 [Worker-8] INFO  o.e.m.c.i.e.AbstractTransferListenerAdapter - Downloaded https://repo.maven.apache.org/maven2/org/glassfish/jersey/test-framework/project/2.22.1/project-2.22.1.pom
2016-02-06 13:06:35,127 [Worker-8] INFO  o.e.m.c.i.e.AbstractTransferListenerAdapter - Downloading https://repo.maven.apache.org/maven2/org/glassfish/jersey/test-framework/jersey-test-framework-core/2.22.1/jersey-test-framework-core-2.22.1.pom
2016-02-06 13:06:35,147 [Worker-8] INFO  o.e.m.c.i.e.AbstractTransferListenerAdapter - Downloaded https://repo.maven.apache.org/maven2/org/glassfish/jersey/test-framework/jersey-test-framework-core/2.22.1/jersey-test-framework-core-2.22.1.pom
2016-02-06 13:06:35,173 [Worker-8] INFO  o.e.m.c.i.e.AbstractTransferListenerAdapter - Downloading https://repo.maven.apache.org/maven2/org/ow2/asm/asm-debug-all/5.0.4/asm-debug-all-5.0.4.pom
2016-02-06 13:06:35,192 [Worker-8] INFO  o.e.m.c.i.e.AbstractTransferListenerAdapter - Downloaded https://repo.maven.apache.org/maven2/org/ow2/asm/asm-debug-all/5.0.4/asm-debug-all-5.0.4.pom
2016-02-06 13:06:35,210 [Worker-8] INFO  o.e.m.c.i.e.AbstractTransferListenerAdapter - Downloading https://repo.maven.apache.org/maven2/org/ow2/asm/asm-parent/5.0.4/asm-parent-5.0.4.pom
2016-02-06 13:06:35,230 [Worker-8] INFO  o.e.m.c.i.e.AbstractTransferListenerAdapter - Downloaded https://repo.maven.apache.org/maven2/org/ow2/asm/asm-parent/5.0.4/asm-parent-5.0.4.pom
2016-02-06 13:06:35,304 [Worker-8] INFO  o.e.m.c.i.e.AbstractTransferListenerAdapter - Downloading https://repo.maven.apache.org/maven2/io/dropwizard/dropwizard-testing/0.9.2/dropwizard-testing-0.9.2.jar
2016-02-06 13:06:35,340 [Worker-8] INFO  o.e.m.c.i.e.AbstractTransferListenerAdapter - Downloaded https://repo.maven.apache.org/maven2/io/dropwizard/dropwizard-testing/0.9.2/dropwizard-testing-0.9.2.jar
2016-02-06 13:06:35,364 [Worker-8] INFO  o.e.m.c.i.e.AbstractTransferListenerAdapter - Downloading https://repo.maven.apache.org/maven2/junit/junit/4.12/junit-4.12.jar
2016-02-06 13:06:35,602 [Worker-8] INFO  o.e.m.c.i.e.AbstractTransferListenerAdapter - Downloaded https://repo.maven.apache.org/maven2/junit/junit/4.12/junit-4.12.jar
2016-02-06 13:06:35,620 [Worker-8] INFO  o.e.m.c.i.e.AbstractTransferListenerAdapter - Downloading https://repo.maven.apache.org/maven2/org/hamcrest/hamcrest-core/1.3/hamcrest-core-1.3.jar
2016-02-06 13:06:35,674 [Worker-8] INFO  o.e.m.c.i.e.AbstractTransferListenerAdapter - Downloaded https://repo.maven.apache.org/maven2/org/hamcrest/hamcrest-core/1.3/hamcrest-core-1.3.jar
2016-02-06 13:06:35,692 [Worker-8] INFO  o.e.m.c.i.e.AbstractTransferListenerAdapter - Downloading https://repo.maven.apache.org/maven2/org/mockito/mockito-core/1.10.19/mockito-core-1.10.19.jar
2016-02-06 13:06:36,470 [Worker-8] INFO  o.e.m.c.i.e.AbstractTransferListenerAdapter - Downloaded https://repo.maven.apache.org/maven2/org/mockito/mockito-core/1.10.19/mockito-core-1.10.19.jar
2016-02-06 13:06:36,487 [Worker-8] INFO  o.e.m.c.i.e.AbstractTransferListenerAdapter - Downloading https://repo.maven.apache.org/maven2/org/objenesis/objenesis/2.2/objenesis-2.2.jar
2016-02-06 13:06:36,517 [Worker-8] INFO  o.e.m.c.i.e.AbstractTransferListenerAdapter - Downloaded https://repo.maven.apache.org/maven2/org/objenesis/objenesis/2.2/objenesis-2.2.jar
2016-02-06 13:06:36,534 [Worker-8] INFO  o.e.m.c.i.e.AbstractTransferListenerAdapter - Downloading https://repo.maven.apache.org/maven2/org/assertj/assertj-core/2.2.0/assertj-core-2.2.0.jar
2016-02-06 13:06:36,987 [Worker-8] INFO  o.e.m.c.i.e.AbstractTransferListenerAdapter - Downloaded https://repo.maven.apache.org/maven2/org/assertj/assertj-core/2.2.0/assertj-core-2.2.0.jar
2016-02-06 13:06:37,007 [Worker-8] INFO  o.e.m.c.i.e.AbstractTransferListenerAdapter - Downloading https://repo.maven.apache.org/maven2/org/glassfish/jersey/test-framework/providers/jersey-test-framework-provider-inmemory/2.22.1/jersey-test-framework-provider-inmemory-2.22.1.jar
2016-02-06 13:06:37,030 [Worker-8] INFO  o.e.m.c.i.e.AbstractTransferListenerAdapter - Downloaded https://repo.maven.apache.org/maven2/org/glassfish/jersey/test-framework/providers/jersey-test-framework-provider-inmemory/2.22.1/jersey-test-framework-provider-inmemory-2.22.1.jar
2016-02-06 13:06:37,075 [Worker-8] INFO  o.e.m.c.i.e.AbstractTransferListenerAdapter - Downloading https://repo.maven.apache.org/maven2/org/glassfish/jersey/test-framework/jersey-test-framework-core/2.22.1/jersey-test-framework-core-2.22.1.jar
2016-02-06 13:06:37,101 [Worker-8] INFO  o.e.m.c.i.e.AbstractTransferListenerAdapter - Downloaded https://repo.maven.apache.org/maven2/org/glassfish/jersey/test-framework/jersey-test-framework-core/2.22.1/jersey-test-framework-core-2.22.1.jar
2016-02-06 13:06:37,119 [Worker-8] INFO  o.e.m.c.i.e.AbstractTransferListenerAdapter - Downloading https://repo.maven.apache.org/maven2/org/ow2/asm/asm-debug-all/5.0.4/asm-debug-all-5.0.4.jar
2016-02-06 13:06:37,362 [Worker-8] INFO  o.e.m.c.i.e.AbstractTransferListenerAdapter - Downloaded https://repo.maven.apache.org/maven2/org/ow2/asm/asm-debug-all/5.0.4/asm-debug-all-5.0.4.jar
2016-02-06 13:06:38,127 [Worker-8] INFO  o.e.m.c.i.embedder.EclipseLogger - Using 'UTF-8' encoding to copy filtered resources.
2016-02-06 13:06:38,134 [Worker-8] INFO  o.e.m.c.i.embedder.EclipseLogger - Copying 1 resource
2016-02-06 13:06:38,144 [Worker-8] INFO  o.e.m.c.i.embedder.EclipseLogger - Using 'UTF-8' encoding to copy filtered resources.
2016-02-06 13:06:38,145 [Worker-8] INFO  o.e.m.c.i.embedder.EclipseLogger - Copying 0 resource
2016-02-06 13:06:53,762 [main] INFO  o.e.m2e.actions.ExecutePomAction - Using existing launch configuration
2016-02-06 13:06:53,913 [Worker-10] INFO  o.e.m.i.launch.MavenLaunchDelegate - /Users/ganesh/Documents/self_proj/fratapp/community
2016-02-06 13:06:53,913 [Worker-10] INFO  o.e.m.i.launch.MavenLaunchDelegate -  mvn  -B package
2016-02-06 13:06:54,200 [main] INFO  c.g.t.t.d.PublishedGradleVersions - Gradle version information cache file is out-of-date. Remote download required.
2016-02-06 13:08:51,738 [Worker-5] INFO  o.e.m.c.i.l.LifecycleMappingFactory - Using org.eclipse.m2e.jdt.JarLifecycleMapping lifecycle mapping for MavenProject: com.apps:community:0.0.1-SNAPSHOT @ /Users/ganesh/Documents/self_proj/fratapp/community/pom.xml.
2016-02-06 13:08:52,579 [Worker-5] INFO  o.e.m.c.i.embedder.EclipseLogger - Using 'UTF-8' encoding to copy filtered resources.
2016-02-06 13:08:52,582 [Worker-5] INFO  o.e.m.c.i.embedder.EclipseLogger - Copying 2 resources
2016-02-06 13:08:52,592 [Worker-5] INFO  o.e.m.c.i.embedder.EclipseLogger - Using 'UTF-8' encoding to copy filtered resources.
2016-02-06 13:08:52,593 [Worker-5] INFO  o.e.m.c.i.embedder.EclipseLogger - Copying 1 resource
2016-02-06 13:08:54,134 [Worker-9] INFO  o.e.m.c.i.embedder.EclipseLogger - Using 'UTF-8' encoding to copy filtered resources.
2016-02-06 13:08:54,135 [Worker-9] INFO  o.e.m.c.i.embedder.EclipseLogger - Copying 2 resources
2016-02-06 13:08:54,144 [Worker-9] INFO  o.e.m.c.i.embedder.EclipseLogger - Using 'UTF-8' encoding to copy filtered resources.
2016-02-06 13:08:54,145 [Worker-9] INFO  o.e.m.c.i.embedder.EclipseLogger - Copying 1 resource
2016-02-06 13:13:05,659 [Worker-7] INFO  o.e.m.c.i.l.LifecycleMappingFactory - Using org.eclipse.m2e.jdt.JarLifecycleMapping lifecycle mapping for MavenProject: com.apps:community:0.0.1-SNAPSHOT @ /Users/ganesh/Documents/self_proj/fratapp/community/pom.xml.
2016-02-06 13:13:06,260 [Worker-7] INFO  o.e.m.c.i.e.AbstractTransferListenerAdapter - Downloading https://repo.maven.apache.org/maven2/com/datastax/cassandra/cassandra-driver-core/2.1.9/cassandra-driver-core-2.1.9.pom
2016-02-06 13:13:06,287 [Worker-7] INFO  o.e.m.c.i.e.AbstractTransferListenerAdapter - Downloaded https://repo.maven.apache.org/maven2/com/datastax/cassandra/cassandra-driver-core/2.1.9/cassandra-driver-core-2.1.9.pom
2016-02-06 13:13:06,310 [Worker-7] INFO  o.e.m.c.i.e.AbstractTransferListenerAdapter - Downloading https://repo.maven.apache.org/maven2/com/datastax/cassandra/cassandra-driver-parent/2.1.9/cassandra-driver-parent-2.1.9.pom
2016-02-06 13:13:06,340 [Worker-7] INFO  o.e.m.c.i.e.AbstractTransferListenerAdapter - Downloaded https://repo.maven.apache.org/maven2/com/datastax/cassandra/cassandra-driver-parent/2.1.9/cassandra-driver-parent-2.1.9.pom
2016-02-06 13:13:06,369 [Worker-7] INFO  o.e.m.c.i.e.AbstractTransferListenerAdapter - Downloading https://repo.maven.apache.org/maven2/io/netty/netty-handler/4.0.27.Final/netty-handler-4.0.27.Final.pom
2016-02-06 13:13:06,404 [Worker-7] INFO  o.e.m.c.i.e.AbstractTransferListenerAdapter - Downloaded https://repo.maven.apache.org/maven2/io/netty/netty-handler/4.0.27.Final/netty-handler-4.0.27.Final.pom
2016-02-06 13:13:06,434 [Worker-7] INFO  o.e.m.c.i.e.AbstractTransferListenerAdapter - Downloading https://repo.maven.apache.org/maven2/io/netty/netty-parent/4.0.27.Final/netty-parent-4.0.27.Final.pom
2016-02-06 13:13:06,496 [Worker-7] INFO  o.e.m.c.i.e.AbstractTransferListenerAdapter - Downloaded https://repo.maven.apache.org/maven2/io/netty/netty-parent/4.0.27.Final/netty-parent-4.0.27.Final.pom
2016-02-06 13:13:06,534 [Worker-7] INFO  o.e.m.c.i.e.AbstractTransferListenerAdapter - Downloading https://repo.maven.apache.org/maven2/io/netty/netty-buffer/4.0.27.Final/netty-buffer-4.0.27.Final.pom
2016-02-06 13:13:06,567 [Worker-7] INFO  o.e.m.c.i.e.AbstractTransferListenerAdapter - Downloaded https://repo.maven.apache.org/maven2/io/netty/netty-buffer/4.0.27.Final/netty-buffer-4.0.27.Final.pom
2016-02-06 13:13:06,596 [Worker-7] INFO  o.e.m.c.i.e.AbstractTransferListenerAdapter - Downloading https://repo.maven.apache.org/maven2/io/netty/netty-common/4.0.27.Final/netty-common-4.0.27.Final.pom
2016-02-06 13:13:06,623 [Worker-7] INFO  o.e.m.c.i.e.AbstractTransferListenerAdapter - Downloaded https://repo.maven.apache.org/maven2/io/netty/netty-common/4.0.27.Final/netty-common-4.0.27.Final.pom
2016-02-06 13:13:06,653 [Worker-7] INFO  o.e.m.c.i.e.AbstractTransferListenerAdapter - Downloading https://repo.maven.apache.org/maven2/io/netty/netty-transport/4.0.27.Final/netty-transport-4.0.27.Final.pom
2016-02-06 13:13:06,682 [Worker-7] INFO  o.e.m.c.i.e.AbstractTransferListenerAdapter - Downloaded https://repo.maven.apache.org/maven2/io/netty/netty-transport/4.0.27.Final/netty-transport-4.0.27.Final.pom
2016-02-06 13:13:06,717 [Worker-7] INFO  o.e.m.c.i.e.AbstractTransferListenerAdapter - Downloading https://repo.maven.apache.org/maven2/io/netty/netty-codec/4.0.27.Final/netty-codec-4.0.27.Final.pom
2016-02-06 13:13:06,744 [Worker-7] INFO  o.e.m.c.i.e.AbstractTransferListenerAdapter - Downloaded https://repo.maven.apache.org/maven2/io/netty/netty-codec/4.0.27.Final/netty-codec-4.0.27.Final.pom
2016-02-06 13:13:06,775 [Worker-7] INFO  o.e.m.c.i.e.AbstractTransferListenerAdapter - Downloading https://repo.maven.apache.org/maven2/com/codahale/metrics/metrics-core/3.0.2/metrics-core-3.0.2.pom
2016-02-06 13:13:06,801 [Worker-7] INFO  o.e.m.c.i.e.AbstractTransferListenerAdapter - Downloaded https://repo.maven.apache.org/maven2/com/codahale/metrics/metrics-core/3.0.2/metrics-core-3.0.2.pom
2016-02-06 13:13:06,828 [Worker-7] INFO  o.e.m.c.i.e.AbstractTransferListenerAdapter - Downloading https://repo.maven.apache.org/maven2/com/codahale/metrics/metrics-parent/3.0.2/metrics-parent-3.0.2.pom
2016-02-06 13:13:06,864 [Worker-7] INFO  o.e.m.c.i.e.AbstractTransferListenerAdapter - Downloaded https://repo.maven.apache.org/maven2/com/codahale/metrics/metrics-parent/3.0.2/metrics-parent-3.0.2.pom
2016-02-06 13:13:07,107 [Worker-7] INFO  o.e.m.c.i.e.AbstractTransferListenerAdapter - Downloading https://repo.maven.apache.org/maven2/com/datastax/cassandra/cassandra-driver-core/2.1.9/cassandra-driver-core-2.1.9.jar
2016-02-06 13:13:07,677 [Worker-7] INFO  o.e.m.c.i.e.AbstractTransferListenerAdapter - Downloaded https://repo.maven.apache.org/maven2/com/datastax/cassandra/cassandra-driver-core/2.1.9/cassandra-driver-core-2.1.9.jar
2016-02-06 13:13:07,717 [Worker-7] INFO  o.e.m.c.i.e.AbstractTransferListenerAdapter - Downloading https://repo.maven.apache.org/maven2/io/netty/netty-handler/4.0.27.Final/netty-handler-4.0.27.Final.jar
2016-02-06 13:13:07,862 [Worker-7] INFO  o.e.m.c.i.e.AbstractTransferListenerAdapter - Downloaded https://repo.maven.apache.org/maven2/io/netty/netty-handler/4.0.27.Final/netty-handler-4.0.27.Final.jar
2016-02-06 13:13:07,888 [Worker-7] INFO  o.e.m.c.i.e.AbstractTransferListenerAdapter - Downloading https://repo.maven.apache.org/maven2/io/netty/netty-buffer/4.0.27.Final/netty-buffer-4.0.27.Final.jar
2016-02-06 13:13:07,991 [Worker-7] INFO  o.e.m.c.i.e.AbstractTransferListenerAdapter - Downloaded https://repo.maven.apache.org/maven2/io/netty/netty-buffer/4.0.27.Final/netty-buffer-4.0.27.Final.jar
2016-02-06 13:13:08,026 [Worker-7] INFO  o.e.m.c.i.e.AbstractTransferListenerAdapter - Downloading https://repo.maven.apache.org/maven2/io/netty/netty-common/4.0.27.Final/netty-common-4.0.27.Final.jar
2016-02-06 13:13:08,295 [Worker-7] INFO  o.e.m.c.i.e.AbstractTransferListenerAdapter - Downloaded https://repo.maven.apache.org/maven2/io/netty/netty-common/4.0.27.Final/netty-common-4.0.27.Final.jar
2016-02-06 13:13:08,319 [Worker-7] INFO  o.e.m.c.i.e.AbstractTransferListenerAdapter - Downloading https://repo.maven.apache.org/maven2/io/netty/netty-transport/4.0.27.Final/netty-transport-4.0.27.Final.jar
2016-02-06 13:13:08,518 [Worker-7] INFO  o.e.m.c.i.e.AbstractTransferListenerAdapter - Downloaded https://repo.maven.apache.org/maven2/io/netty/netty-transport/4.0.27.Final/netty-transport-4.0.27.Final.jar
2016-02-06 13:13:08,543 [Worker-7] INFO  o.e.m.c.i.e.AbstractTransferListenerAdapter - Downloading https://repo.maven.apache.org/maven2/io/netty/netty-codec/4.0.27.Final/netty-codec-4.0.27.Final.jar
2016-02-06 13:13:08,634 [Worker-7] INFO  o.e.m.c.i.e.AbstractTransferListenerAdapter - Downloaded https://repo.maven.apache.org/maven2/io/netty/netty-codec/4.0.27.Final/netty-codec-4.0.27.Final.jar
2016-02-06 13:13:08,666 [Worker-7] INFO  o.e.m.c.i.e.AbstractTransferListenerAdapter - Downloading https://repo.maven.apache.org/maven2/com/codahale/metrics/metrics-core/3.0.2/metrics-core-3.0.2.jar
2016-02-06 13:13:08,705 [Worker-7] INFO  o.e.m.c.i.e.AbstractTransferListenerAdapter - Downloaded https://repo.maven.apache.org/maven2/com/codahale/metrics/metrics-core/3.0.2/metrics-core-3.0.2.jar
2016-02-06 13:13:09,023 [Worker-7] INFO  o.e.m.c.i.embedder.EclipseLogger - Using 'UTF-8' encoding to copy filtered resources.
2016-02-06 13:13:09,026 [Worker-7] INFO  o.e.m.c.i.embedder.EclipseLogger - Copying 0 resource
2016-02-06 13:13:09,029 [Worker-7] INFO  o.e.m.c.i.embedder.EclipseLogger - Using 'UTF-8' encoding to copy filtered resources.
2016-02-06 13:13:09,029 [Worker-7] INFO  o.e.m.c.i.embedder.EclipseLogger - Copying 0 resource
2016-02-06 13:13:10,502 [Worker-7] INFO  o.e.m.c.i.embedder.EclipseLogger - Using 'UTF-8' encoding to copy filtered resources.
2016-02-06 13:13:10,503 [Worker-7] INFO  o.e.m.c.i.embedder.EclipseLogger - Copying 2 resources
2016-02-06 13:13:10,512 [Worker-7] INFO  o.e.m.c.i.embedder.EclipseLogger - Using 'UTF-8' encoding to copy filtered resources.
2016-02-06 13:13:10,513 [Worker-7] INFO  o.e.m.c.i.embedder.EclipseLogger - Copying 1 resource
2016-02-06 13:13:17,844 [Worker-0] INFO  o.e.m.c.i.l.LifecycleMappingFactory - Using org.eclipse.m2e.jdt.JarLifecycleMapping lifecycle mapping for MavenProject: com.apps:community:0.0.1-SNAPSHOT @ /Users/ganesh/Documents/self_proj/fratapp/community/pom.xml.
2016-02-06 13:13:18,178 [Worker-0] INFO  o.e.m.c.i.e.AbstractTransferListenerAdapter - Downloading https://repo.maven.apache.org/maven2/com/datastax/cassandra/cassandra-driver-mapping/2.1.9/cassandra-driver-mapping-2.1.9.pom
2016-02-06 13:13:18,205 [Worker-0] INFO  o.e.m.c.i.e.AbstractTransferListenerAdapter - Downloaded https://repo.maven.apache.org/maven2/com/datastax/cassandra/cassandra-driver-mapping/2.1.9/cassandra-driver-mapping-2.1.9.pom
2016-02-06 13:13:18,269 [Worker-0] INFO  o.e.m.c.i.e.AbstractTransferListenerAdapter - Downloading https://repo.maven.apache.org/maven2/com/datastax/cassandra/cassandra-driver-mapping/2.1.9/cassandra-driver-mapping-2.1.9.jar
2016-02-06 13:13:18,314 [Worker-0] INFO  o.e.m.c.i.e.AbstractTransferListenerAdapter - Downloaded https://repo.maven.apache.org/maven2/com/datastax/cassandra/cassandra-driver-mapping/2.1.9/cassandra-driver-mapping-2.1.9.jar
2016-02-06 13:13:18,544 [Worker-0] INFO  o.e.m.c.i.embedder.EclipseLogger - Using 'UTF-8' encoding to copy filtered resources.
2016-02-06 13:13:18,546 [Worker-0] INFO  o.e.m.c.i.embedder.EclipseLogger - Copying 0 resource
2016-02-06 13:13:18,548 [Worker-0] INFO  o.e.m.c.i.embedder.EclipseLogger - Using 'UTF-8' encoding to copy filtered resources.
2016-02-06 13:13:18,548 [Worker-0] INFO  o.e.m.c.i.embedder.EclipseLogger - Copying 0 resource
2016-02-06 13:13:20,008 [Worker-12] INFO  o.e.m.c.i.embedder.EclipseLogger - Using 'UTF-8' encoding to copy filtered resources.
2016-02-06 13:13:20,009 [Worker-12] INFO  o.e.m.c.i.embedder.EclipseLogger - Copying 2 resources
2016-02-06 13:13:20,018 [Worker-12] INFO  o.e.m.c.i.embedder.EclipseLogger - Using 'UTF-8' encoding to copy filtered resources.
2016-02-06 13:13:20,019 [Worker-12] INFO  o.e.m.c.i.embedder.EclipseLogger - Copying 1 resource
2016-02-06 13:13:38,267 [Worker-0] INFO  o.e.m.c.i.l.LifecycleMappingFactory - Using org.eclipse.m2e.jdt.JarLifecycleMapping lifecycle mapping for MavenProject: com.apps:community:0.0.1-SNAPSHOT @ /Users/ganesh/Documents/self_proj/fratapp/community/pom.xml.
2016-02-06 13:13:38,828 [Worker-0] INFO  o.e.m.c.i.embedder.EclipseLogger - Using 'UTF-8' encoding to copy filtered resources.
2016-02-06 13:13:38,830 [Worker-0] INFO  o.e.m.c.i.embedder.EclipseLogger - Copying 0 resource
2016-02-06 13:13:38,833 [Worker-0] INFO  o.e.m.c.i.embedder.EclipseLogger - Using 'UTF-8' encoding to copy filtered resources.
2016-02-06 13:13:38,833 [Worker-0] INFO  o.e.m.c.i.embedder.EclipseLogger - Copying 0 resource
2016-02-06 13:13:57,279 [Worker-6] INFO  o.e.m.c.i.l.LifecycleMappingFactory - Using org.eclipse.m2e.jdt.JarLifecycleMapping lifecycle mapping for MavenProject: com.apps:community:0.0.1-SNAPSHOT @ /Users/ganesh/Documents/self_proj/fratapp/community/pom.xml.
2016-02-06 13:13:57,787 [Worker-6] INFO  o.e.m.c.i.embedder.EclipseLogger - Using 'UTF-8' encoding to copy filtered resources.
2016-02-06 13:13:57,788 [Worker-6] INFO  o.e.m.c.i.embedder.EclipseLogger - Copying 0 resource
2016-02-06 13:13:57,790 [Worker-6] INFO  o.e.m.c.i.embedder.EclipseLogger - Using 'UTF-8' encoding to copy filtered resources.
2016-02-06 13:13:57,791 [Worker-6] INFO  o.e.m.c.i.embedder.EclipseLogger - Copying 0 resource
2016-02-06 13:14:08,921 [main] INFO  o.e.m2e.actions.ExecutePomAction - Using existing launch configuration
2016-02-06 13:14:09,001 [Worker-7] INFO  o.e.m.i.launch.MavenLaunchDelegate - /Users/ganesh/Documents/self_proj/fratapp/community
2016-02-06 13:14:09,001 [Worker-7] INFO  o.e.m.i.launch.MavenLaunchDelegate -  mvn  -B package
2016-02-06 13:18:18,314 [Worker-17] INFO  o.e.m.c.i.embedder.EclipseLogger - Using 'UTF-8' encoding to copy filtered resources.
2016-02-06 13:18:18,314 [Worker-17] INFO  o.e.m.c.i.embedder.EclipseLogger - Copying 0 resource
2016-02-06 13:18:18,316 [Worker-17] INFO  o.e.m.c.i.embedder.EclipseLogger - Using 'UTF-8' encoding to copy filtered resources.
2016-02-06 13:18:18,316 [Worker-17] INFO  o.e.m.c.i.embedder.EclipseLogger - Copying 0 resource
2016-02-06 13:19:41,005 [Worker-6] INFO  o.e.m.c.i.l.LifecycleMappingFactory - Using org.eclipse.m2e.jdt.JarLifecycleMapping lifecycle mapping for MavenProject: com.apps:community:0.0.1-SNAPSHOT @ /Users/ganesh/Documents/self_proj/fratapp/community/pom.xml.
2016-02-06 13:19:41,533 [Worker-6] INFO  o.e.m.c.i.embedder.EclipseLogger - Using 'UTF-8' encoding to copy filtered resources.
2016-02-06 13:19:41,536 [Worker-6] INFO  o.e.m.c.i.embedder.EclipseLogger - Copying 0 resource
2016-02-06 13:19:41,540 [Worker-6] INFO  o.e.m.c.i.embedder.EclipseLogger - Using 'UTF-8' encoding to copy filtered resources.
2016-02-06 13:19:41,541 [Worker-6] INFO  o.e.m.c.i.embedder.EclipseLogger - Copying 0 resource
2016-02-06 13:20:00,892 [Worker-12] INFO  o.e.m.i.launch.MavenLaunchDelegate - /Users/ganesh/Documents/self_proj/fratapp/community
2016-02-06 13:20:00,892 [Worker-12] INFO  o.e.m.i.launch.MavenLaunchDelegate -  mvn  -B clean
2016-02-06 13:20:03,137 [Worker-12] INFO  o.e.m.c.i.embedder.EclipseLogger - Using 'UTF-8' encoding to copy filtered resources.
2016-02-06 13:20:03,137 [Worker-12] INFO  o.e.m.c.i.embedder.EclipseLogger - Copying 2 resources
2016-02-06 13:20:03,147 [Worker-12] INFO  o.e.m.c.i.embedder.EclipseLogger - Using 'UTF-8' encoding to copy filtered resources.
2016-02-06 13:20:03,148 [Worker-12] INFO  o.e.m.c.i.embedder.EclipseLogger - Copying 1 resource
2016-02-06 13:20:10,465 [main] INFO  o.e.m2e.actions.ExecutePomAction - Using existing launch configuration
2016-02-06 13:20:10,526 [Worker-18] INFO  o.e.m.i.launch.MavenLaunchDelegate - /Users/ganesh/Documents/self_proj/fratapp/community
2016-02-06 13:20:10,527 [Worker-18] INFO  o.e.m.i.launch.MavenLaunchDelegate -  mvn  -B package
2016-02-06 13:25:41,361 [Thread-7] ERROR org.eclipse.jgit.util.FS - fatal: Could not switch to '/Library/Developer/CommandLineTools/usr/etc/': No such file or directory

2016-02-06 13:28:07,301 [Worker-16] INFO  o.e.m.c.i.embedder.EclipseLogger - Using 'UTF-8' encoding to copy filtered resources.
2016-02-06 13:28:07,318 [Worker-16] INFO  o.e.m.c.i.embedder.EclipseLogger - Copying 2 resources
2016-02-06 13:28:07,329 [Worker-16] INFO  o.e.m.c.i.embedder.EclipseLogger - Using 'UTF-8' encoding to copy filtered resources.
2016-02-06 13:28:07,330 [Worker-16] INFO  o.e.m.c.i.embedder.EclipseLogger - Copying 1 resource
2016-02-06 13:30:51,881 [Worker-18] INFO  o.e.m.i.launch.MavenLaunchDelegate - /Users/ganesh/Documents/self_proj/fratapp/community
2016-02-06 13:30:51,881 [Worker-18] INFO  o.e.m.i.launch.MavenLaunchDelegate -  mvn  -B clean
2016-02-06 13:30:52,142 [main] INFO  c.g.t.t.d.PublishedGradleVersions - Gradle version information cache file is not out-of-date. No remote download required.
2016-02-06 13:30:54,744 [Worker-8] INFO  o.e.m.c.i.embedder.EclipseLogger - Using 'UTF-8' encoding to copy filtered resources.
2016-02-06 13:30:54,752 [Worker-8] INFO  o.e.m.c.i.embedder.EclipseLogger - Copying 2 resources
2016-02-06 13:30:54,761 [Worker-8] INFO  o.e.m.c.i.embedder.EclipseLogger - Using 'UTF-8' encoding to copy filtered resources.
2016-02-06 13:30:54,762 [Worker-8] INFO  o.e.m.c.i.embedder.EclipseLogger - Copying 1 resource
